17:17:59, 2018-10-7
Started @ Sun Oct 07 2018 17:17:59 GMT+0000 (UTC)
From Client:
Content-Length: 148

{"type":"request","seq":1,"command":"initialize","arguments":{"adapterID":"python","linesStartAt1":true,"columnsStartAt1":true,"pathFormat":"path"}}
To Client:
Content-Length: 687

{"seq":1,"type":"response","request_seq":1,"command":"initialize","success":true,"body":{"supportsExceptionInfoRequest":true,"supportsConfigurationDoneRequest":true,"supportsConditionalBreakpoints":true,"supportsSetVariable":true,"supportsExceptionOptions":true,"supportsEvaluateForHovers":true,"supportsModulesRequest":true,"supportsValueFormattingOptions":true,"supportsHitConditionalBreakpoints":true,"supportsSetExpression":true,"supportsLogPoints":true,"supportTerminateDebuggee":true,"supportsCompletionsRequest":true,"exceptionBreakpointFilters":[{"filter":"raised","label":"Raised Exceptions","default":false},{"filter":"uncaught","label":"Uncaught Exceptions","default":true}]}}
From Client:
Content-Length: 434

{"type":"request","seq":2,"command":"launch","arguments":{"program":"/home/travis/build/DonJayamanne/pythonVSCode/src/test/pythonFiles/debugging/startAndWait.py","cwd":"/home/travis/build/DonJayamanne/pythonVSCode/src/test/pythonFiles/debugging","stopOnEntry":false,"logToFile":true,"debugOptions":["RedirectOutput"],"pythonPath":"/home/travis/virtualenv/python3.7-dev/bin/python","args":[],"envFile":"","port":34528,"type":"python"}}
To Client:
Content-Length: 283

{"seq":2,"type":"response","request_seq":2,"command":"launch","success":false,"message":"Failed to start the socket server. (Error: listen EADDRINUSE 127.0.0.1:34528)","body":{"error":{"format":"Failed to start the socket server. (Error: listen EADDRINUSE 127.0.0.1:34528)","id":1}}}
From Client:
Content-Length: 49

{"type":"request","seq":3,"command":"disconnect"}
onResponseDisconnect
To Client:
Content-Length: 81

{"seq":3,"type":"response","request_seq":3,"command":"disconnect","success":true}
check and shutdown
shutdown
Sending Terminated Event
To Client:
Content-Length: 45


onEventTerminated
To Client:
{"seq":0,"type":"event","event":"terminated"}
Shutting down debug session
disposing
check and shutdown
